

Microchip MPLAB XC8 Assembler V3.10 build 20250813170317 
                                                                                               Tue Nov 11 22:39:07 2025

Microchip MPLAB XC8 C Compiler v3.10 (Free license) build 20250813170317 Og1 
     1                           	processor	16F877A
     2                           	pagewidth 120
     3                           	opt	flic
     4                           	psect	strings,global,class=STRING,space=0,delta=2,noexec
     5                           	psect	cinit,global,class=CODE,space=0,merge=1,delta=2
     6                           	psect	bssCOMMON,global,class=COMMON,space=1,delta=1,noexec
     7                           	psect	bssBANK0,global,class=BANK0,space=1,delta=1,noexec
     8                           	psect	clrtext,global,class=CODE,space=0,delta=2
     9                           	psect	cstackCOMMON,global,class=COMMON,space=1,delta=1,noexec
    10                           	psect	maintext,global,class=CODE,space=0,split=1,delta=2
    11                           	psect	text1,local,class=CODE,space=0,merge=1,delta=2
    12                           	psect	text2,local,class=CODE,space=0,merge=1,delta=2
    13                           	psect	text3,local,class=CODE,space=0,merge=1,delta=2
    14                           	psect	text4,local,class=CODE,space=0,merge=1,delta=2
    15                           	psect	text5,local,class=CODE,space=0,merge=1,delta=2
    16                           	psect	text6,local,class=CODE,space=0,merge=1,delta=2
    17                           	psect	config,global,abs,ovrld,class=CONFIG,space=4,delta=2,noexec
    18                           	dabs	1,0x7E,2
    19     0000                     
    20                           ; Generated 26/03/2025 GMT
    21                           ; 
    22                           ; Copyright © 2025, Microchip Technology Inc. and its subsidiaries ("Microchip")
    23                           ; All rights reserved.
    24                           ; 
    25                           ; This software is developed by Microchip Technology Inc. and its subsidiaries ("Microch
      +                          ip").
    26                           ; 
    27                           ; Redistribution and use in source and binary forms, with or without modification, are
    28                           ; permitted provided that the following conditions are met:
    29                           ; 
    30                           ;     1. Redistributions of source code must retain the above copyright notice, this lis
      +                          t of
    31                           ;        conditions and the following disclaimer.
    32                           ; 
    33                           ;     2. Redistributions in binary form must reproduce the above copyright notice, this 
      +                          list
    34                           ;        of conditions and the following disclaimer in the documentation and/or other
    35                           ;        materials provided with the distribution. Publication is not required when
    36                           ;        this file is used in an embedded application.
    37                           ; 
    38                           ;     3. Microchip's name may not be used to endorse or promote products derived from th
      +                          is
    39                           ;        software without specific prior written permission.
    40                           ; 
    41                           ; THIS SOFTWARE IS PROVIDED BY MICROCHIP "AS IS" AND ANY EXPRESS OR IMPLIED WARRANTIES,
    42                           ; INCLUDING, BUT NOT LIMITED TO, THE IMPLIED WARRANTIES OF MERCHANTABILITY AND FITNESS F
      +                          OR
    43                           ; PURPOSE ARE DISCLAIMED.  IN NO EVENT SHALL MICROCHIP BE LIABLE FOR ANY DIRECT, INDIREC
      +                          T,
    44                           ; INCIDENTAL, SPECIAL, EXEMPLARY, OR CONSEQUENTIAL DAMAGES (INCLUDING BUT NOT LIMITED TO
    45                           ; PROCUREMENT OF SUBSTITUTE GOODS OR SERVICES; LOSS OF USE, DATA OR PROFITS; OR BUSINESS
    46                           ; INTERRUPTION) HOWSOEVER CAUSED AND ON ANY THEORY OF LIABILITY, WHETHER IN CONTRACT, ST
      +                          RICT
    47                           ; LIABILITY, OR TORT (INCLUDING NEGLIGENCE OR OTHERWISE) ARISING IN ANY WAY OUT OF THE U
      +                          SE OF
    48                           ; THIS SOFTWARE, EVEN IF ADVISED OF THE POSSIBILITY OF SUCH DAMAGE.
    49                           ; 
    50                           ; 
    51                           ; Code-generator required, PIC16F877A Definitions
    52                           ; 
    53                           ; SFR Addresses
    54     0004                     fsr             equ	4
    55     0004                     fsr0            equ	4
    56     0000                     indf            equ	0
    57     0000                     indf0           equ	0
    58     0002                     pc              equ	2
    59     0002                     pcl             equ	2
    60     000A                     pclath          equ	10
    61     0003                     status          equ	3
    62     0000                     INDF            equ	0	;# 
    63     0001                     TMR0            equ	1	;# 
    64     0002                     PCL             equ	2	;# 
    65     0003                     STATUS          equ	3	;# 
    66     0004                     FSR             equ	4	;# 
    67     0005                     PORTA           equ	5	;# 
    68     0006                     PORTB           equ	6	;# 
    69     0007                     PORTC           equ	7	;# 
    70     0008                     PORTD           equ	8	;# 
    71     0009                     PORTE           equ	9	;# 
    72     000A                     PCLATH          equ	10	;# 
    73     000B                     INTCON          equ	11	;# 
    74     000C                     PIR1            equ	12	;# 
    75     000D                     PIR2            equ	13	;# 
    76     000E                     TMR1            equ	14	;# 
    77     000E                     TMR1L           equ	14	;# 
    78     000F                     TMR1H           equ	15	;# 
    79     0010                     T1CON           equ	16	;# 
    80     0011                     TMR2            equ	17	;# 
    81     0012                     T2CON           equ	18	;# 
    82     0013                     SSPBUF          equ	19	;# 
    83     0014                     SSPCON          equ	20	;# 
    84     0015                     CCPR1           equ	21	;# 
    85     0015                     CCPR1L          equ	21	;# 
    86     0016                     CCPR1H          equ	22	;# 
    87     0017                     CCP1CON         equ	23	;# 
    88     0018                     RCSTA           equ	24	;# 
    89     0019                     TXREG           equ	25	;# 
    90     001A                     RCREG           equ	26	;# 
    91     001B                     CCPR2           equ	27	;# 
    92     001B                     CCPR2L          equ	27	;# 
    93     001C                     CCPR2H          equ	28	;# 
    94     001D                     CCP2CON         equ	29	;# 
    95     001E                     ADRESH          equ	30	;# 
    96     001F                     ADCON0          equ	31	;# 
    97     0081                     OPTION_REG      equ	129	;# 
    98     0085                     TRISA           equ	133	;# 
    99     0086                     TRISB           equ	134	;# 
   100     0087                     TRISC           equ	135	;# 
   101     0088                     TRISD           equ	136	;# 
   102     0089                     TRISE           equ	137	;# 
   103     008C                     PIE1            equ	140	;# 
   104     008D                     PIE2            equ	141	;# 
   105     008E                     PCON            equ	142	;# 
   106     0091                     SSPCON2         equ	145	;# 
   107     0092                     PR2             equ	146	;# 
   108     0093                     SSPADD          equ	147	;# 
   109     0094                     SSPSTAT         equ	148	;# 
   110     0098                     TXSTA           equ	152	;# 
   111     0099                     SPBRG           equ	153	;# 
   112     009C                     CMCON           equ	156	;# 
   113     009D                     CVRCON          equ	157	;# 
   114     009E                     ADRESL          equ	158	;# 
   115     009F                     ADCON1          equ	159	;# 
   116     010C                     EEDATA          equ	268	;# 
   117     010D                     EEADR           equ	269	;# 
   118     010E                     EEDATH          equ	270	;# 
   119     010F                     EEADRH          equ	271	;# 
   120     018C                     EECON1          equ	396	;# 
   121     018D                     EECON2          equ	397	;# 
   122     0000                     INDF            equ	0	;# 
   123     0001                     TMR0            equ	1	;# 
   124     0002                     PCL             equ	2	;# 
   125     0003                     STATUS          equ	3	;# 
   126     0004                     FSR             equ	4	;# 
   127     0005                     PORTA           equ	5	;# 
   128     0006                     PORTB           equ	6	;# 
   129     0007                     PORTC           equ	7	;# 
   130     0008                     PORTD           equ	8	;# 
   131     0009                     PORTE           equ	9	;# 
   132     000A                     PCLATH          equ	10	;# 
   133     000B                     INTCON          equ	11	;# 
   134     000C                     PIR1            equ	12	;# 
   135     000D                     PIR2            equ	13	;# 
   136     000E                     TMR1            equ	14	;# 
   137     000E                     TMR1L           equ	14	;# 
   138     000F                     TMR1H           equ	15	;# 
   139     0010                     T1CON           equ	16	;# 
   140     0011                     TMR2            equ	17	;# 
   141     0012                     T2CON           equ	18	;# 
   142     0013                     SSPBUF          equ	19	;# 
   143     0014                     SSPCON          equ	20	;# 
   144     0015                     CCPR1           equ	21	;# 
   145     0015                     CCPR1L          equ	21	;# 
   146     0016                     CCPR1H          equ	22	;# 
   147     0017                     CCP1CON         equ	23	;# 
   148     0018                     RCSTA           equ	24	;# 
   149     0019                     TXREG           equ	25	;# 
   150     001A                     RCREG           equ	26	;# 
   151     001B                     CCPR2           equ	27	;# 
   152     001B                     CCPR2L          equ	27	;# 
   153     001C                     CCPR2H          equ	28	;# 
   154     001D                     CCP2CON         equ	29	;# 
   155     001E                     ADRESH          equ	30	;# 
   156     001F                     ADCON0          equ	31	;# 
   157     0081                     OPTION_REG      equ	129	;# 
   158     0085                     TRISA           equ	133	;# 
   159     0086                     TRISB           equ	134	;# 
   160     0087                     TRISC           equ	135	;# 
   161     0088                     TRISD           equ	136	;# 
   162     0089                     TRISE           equ	137	;# 
   163     008C                     PIE1            equ	140	;# 
   164     008D                     PIE2            equ	141	;# 
   165     008E                     PCON            equ	142	;# 
   166     0091                     SSPCON2         equ	145	;# 
   167     0092                     PR2             equ	146	;# 
   168     0093                     SSPADD          equ	147	;# 
   169     0094                     SSPSTAT         equ	148	;# 
   170     0098                     TXSTA           equ	152	;# 
   171     0099                     SPBRG           equ	153	;# 
   172     009C                     CMCON           equ	156	;# 
   173     009D                     CVRCON          equ	157	;# 
   174     009E                     ADRESL          equ	158	;# 
   175     009F                     ADCON1          equ	159	;# 
   176     010C                     EEDATA          equ	268	;# 
   177     010D                     EEADR           equ	269	;# 
   178     010E                     EEDATH          equ	270	;# 
   179     010F                     EEADRH          equ	271	;# 
   180     018C                     EECON1          equ	396	;# 
   181     018D                     EECON2          equ	397	;# 
   182     0007                     _PORTCbits      set	7
   183     001A                     _RCREG          set	26
   184     000C                     _PIR1bits       set	12
   185     0019                     _TXREG          set	25
   186     0018                     _RCSTAbits      set	24
   187     0098                     _TXSTAbits      set	152
   188     0099                     _SPBRG          set	153
   189     009F                     _ADCON1         set	159
   190     0087                     _TRISCbits      set	135
   191                           
   192                           	psect	strings
   193     0003                     __pstrings:
   194     0003                     stringtab:
   195     0003                     __stringtab:
   196     0003                     stringcode:	
   197                           ;	String table - string pointers are 1 byte each
   198                           
   199     0003                     stringdir:
   200     0003  3000               	movlw	high stringdir
   201     0004  008A               	movwf	10
   202     0005  0804               	movf	4,w
   203     0006  0A84               	incf	4,f
   204     0007  0782               	addwf	2,f
   205     0008                     __stringbase:
   206     0008  3400               	retlw	0
   207     0009                     __end_of__stringtab:
   208     0009                     STR_1:
   209     0009  3450               	retlw	80	;'P'
   210     000A  3449               	retlw	73	;'I'
   211     000B  3443               	retlw	67	;'C'
   212     000C  3431               	retlw	49	;'1'
   213     000D  3436               	retlw	54	;'6'
   214     000E  3446               	retlw	70	;'F'
   215     000F  3438               	retlw	56	;'8'
   216     0010  3437               	retlw	55	;'7'
   217     0011  3437               	retlw	55	;'7'
   218     0012  3441               	retlw	65	;'A'
   219     0013  3420               	retlw	32	;' '
   220     0014  344C               	retlw	76	;'L'
   221     0015  3469               	retlw	105	;'i'
   222     0016  3473               	retlw	115	;'s'
   223     0017  3474               	retlw	116	;'t'
   224     0018  346F               	retlw	111	;'o'
   225     0019  340D               	retlw	13
   226     001A  340A               	retlw	10
   227     001B  3400               	retlw	0
   228                           
   229                           	psect	cinit
   230     07F2                     start_initialization:	
   231                           ; #config settings
   232                           
   233     07F2                     __initialization:
   234                           
   235                           ; Clear objects allocated to COMMON
   236     07F2  01FB               	clrf	__pbssCOMMON& (0+127)
   237                           
   238                           ; Clear objects allocated to BANK0
   239     07F3  1383               	bcf	3,7	;select IRP bank0
   240     07F4  3020               	movlw	low __pbssBANK0
   241     07F5  0084               	movwf	4
   242     07F6  3040               	movlw	low (__pbssBANK0+32)
   243     07F7  120A  118A  2583  120A  118A  	fcall	clear_ram0
   244     07FC                     end_of_initialization:	
   245                           ;End of C runtime variable initialization code
   246                           
   247     07FC                     __end_of__initialization:
   248     07FC  0183               	clrf	3
   249     07FD  120A  118A  2DD3   	ljmp	_main	;jump to C main() function
   250                           
   251                           	psect	bssCOMMON
   252     007B                     __pbssCOMMON:
   253     007B                     _bufferIndex:
   254     007B                     	ds	1
   255                           
   256                           	psect	bssBANK0
   257     0020                     __pbssBANK0:
   258     0020                     _jsonBuffer:
   259     0020                     	ds	32
   260                           
   261                           	psect	clrtext
   262     0583                     clear_ram0:	
   263                           ;	Called with FSR containing the base address, and
   264                           ;	W with the last address+1
   265                           
   266     0583  0064               	clrwdt	;clear the watchdog before getting into this loop
   267     0584                     clrloop0:
   268     0584  0180               	clrf	0	;clear RAM location pointed to by FSR
   269     0585  0A84               	incf	4,f	;increment pointer
   270     0586  0604               	xorwf	4,w	;XOR with final address
   271     0587  1903               	btfsc	3,2	;have we reached the end yet?
   272     0588  3400               	retlw	0	;all done for this memory range, return
   273     0589  0604               	xorwf	4,w	;XOR again to restore value
   274     058A  2D84               	goto	clrloop0	;do the next byte
   275                           
   276                           	psect	cstackCOMMON
   277     0070                     __pcstackCOMMON:
   278     0070                     ?_UART_Init:
   279     0070                     ?_UART_Write:	
   280                           ; 1 bytes @ 0x0
   281                           
   282     0070                     ?_UART_Read:	
   283                           ; 1 bytes @ 0x0
   284                           
   285     0070                     ?_main:	
   286                           ; 1 bytes @ 0x0
   287                           
   288     0070                     ?_buscar_valor_json:	
   289                           ; 1 bytes @ 0x0
   290                           
   291     0070                     UART_Write@data:	
   292                           ; 2 bytes @ 0x0
   293                           
   294     0070                     ??_UART_Init:	
   295                           ; 1 bytes @ 0x0
   296                           
   297     0070                     ??_UART_Write:	
   298                           ; 1 bytes @ 0x0
   299                           
   300     0070                     ??_UART_Read:	
   301                           ; 1 bytes @ 0x0
   302                           
   303                           
   304                           ; 1 bytes @ 0x0
   305     0070                     	ds	1
   306     0071                     ?_UART_Write_String:
   307     0071                     ?_enviar_respuesta_json:	
   308                           ; 1 bytes @ 0x1
   309                           
   310     0071                     UART_Write_String@str:	
   311                           ; 1 bytes @ 0x1
   312                           
   313     0071                     enviar_respuesta_json@valor:	
   314                           ; 1 bytes @ 0x1
   315                           
   316                           
   317                           ; 2 bytes @ 0x1
   318     0071                     	ds	1
   319     0072                     ??_UART_Write_String:
   320     0072                     ??_buscar_valor_json:	
   321                           ; 1 bytes @ 0x2
   322                           
   323                           
   324                           ; 1 bytes @ 0x2
   325     0072                     	ds	1
   326     0073                     ??_enviar_respuesta_json:
   327                           
   328                           ; 1 bytes @ 0x3
   329     0073                     	ds	1
   330     0074                     buscar_valor_json@j:
   331                           
   332                           ; 1 bytes @ 0x4
   333     0074                     	ds	1
   334     0075                     buscar_valor_json@i:
   335                           
   336                           ; 1 bytes @ 0x5
   337     0075                     	ds	1
   338     0076                     ??_main:
   339                           
   340                           ; 1 bytes @ 0x6
   341     0076                     	ds	2
   342     0078                     main@comando:
   343                           
   344                           ; 2 bytes @ 0x8
   345     0078                     	ds	2
   346     007A                     main@dato:
   347                           
   348                           ; 1 bytes @ 0xA
   349     007A                     	ds	1
   350                           
   351                           	psect	maintext
   352     05D3                     __pmaintext:	
   353 ;;
   354 ;;Main: autosize = 0, tempsize = 2, incstack = 0, save=0
   355 ;;
   356 ;; *************** function _main *****************
   357 ;; Defined at:
   358 ;;		line 130 in file "prueba2.c"
   359 ;; Parameters:    Size  Location     Type
   360 ;;		None
   361 ;; Auto vars:     Size  Location     Type
   362 ;;  comando         2    8[COMMON] int 
   363 ;;  dato            1   10[COMMON] unsigned char 
   364 ;; Return value:  Size  Location     Type
   365 ;;                  1    wreg      void 
   366 ;; Registers used:
   367 ;;		wreg, fsr0l, fsr0h, status,2, status,0, pclath, cstack
   368 ;; Tracked objects:
   369 ;;		On entry : B00/0
   370 ;;		On exit  : 0/0
   371 ;;		Unchanged: 0/0
   372 ;; Data sizes:     COMMON   BANK0   BANK1   BANK3   BANK2
   373 ;;      Params:         0       0       0       0       0
   374 ;;      Locals:         3       0       0       0       0
   375 ;;      Temps:          2       0       0       0       0
   376 ;;      Totals:         5       0       0       0       0
   377 ;;Total ram usage:        5 bytes
   378 ;; Hardware stack levels required when called: 2
   379 ;; This function calls:
   380 ;;		_UART_Init
   381 ;;		_UART_Read
   382 ;;		_UART_Write_String
   383 ;;		_buscar_valor_json
   384 ;;		_enviar_respuesta_json
   385 ;; This function is called by:
   386 ;;		Startup code after reset
   387 ;; This function uses a non-reentrant model
   388 ;;
   389                           
   390     05D3                     _main:	
   391                           ;psect for function _main
   392                           
   393     05D3                     l796:	
   394                           ;incstack = 0
   395                           ; Regs used in _main: [wreg-fsr0h+status,2+status,0+pclath+cstack]
   396                           
   397                           
   398                           ;prueba2.c: 132:     UART_Write_String("PIC16F877A Listo\r\n");
   399     05D3  1683               	bsf	3,5	;RP0=1, select bank1
   400     05D4  1303               	bcf	3,6	;RP1=0, select bank1
   401     05D5  1007               	bcf	7,0	;volatile
   402                           
   403                           ;prueba2.c: 133: 
   404     05D6  1283               	bcf	3,5	;RP0=0, select bank0
   405     05D7  1303               	bcf	3,6	;RP1=0, select bank0
   406     05D8  1007               	bcf	7,0	;volatile
   407                           
   408                           ;prueba2.c: 136: 
   409     05D9  1683               	bsf	3,5	;RP0=1, select bank1
   410     05DA  1303               	bcf	3,6	;RP1=0, select bank1
   411     05DB  1087               	bcf	7,1	;volatile
   412                           
   413                           ;prueba2.c: 137:         if(PIR1bits.RCIF) {
   414     05DC  1283               	bcf	3,5	;RP0=0, select bank0
   415     05DD  1303               	bcf	3,6	;RP1=0, select bank0
   416     05DE  1087               	bcf	7,1	;volatile
   417     05DF                     l798:
   418                           
   419                           ;prueba2.c: 140: 
   420     05DF  120A  118A  25A6  120A  118A  	fcall	_UART_Init
   421     05E4                     l800:
   422                           
   423                           ;prueba2.c: 143:                     jsonBuffer[bufferIndex] = '\0';
   424     05E4  3082               	movlw	130
   425     05E5  00F7               	movwf	??_main+1
   426     05E6  30DD               	movlw	221
   427     05E7  00F6               	movwf	??_main
   428     05E8                     u487:
   429     05E8  0BF6               	decfsz	??_main,f
   430     05E9  2DE8               	goto	u487
   431     05EA  0BF7               	decfsz	??_main+1,f
   432     05EB  2DE8               	goto	u487
   433     05EC  2DED               	nop2
   434     05ED                     l802:
   435                           
   436                           ;prueba2.c: 146:                     PORTCbits.RC1 = 1;
   437     05ED  3001               	movlw	(low ((STR_1-__stringbase)| (0+32768)))& (0+255)
   438     05EE  00F1               	movwf	UART_Write_String@str
   439     05EF  120A  118A  25B7  120A  118A  	fcall	_UART_Write_String
   440     05F4                     l804:
   441                           
   442                           ;prueba2.c: 151:                     int comando = buscar_valor_json();
   443     05F4  1283               	bcf	3,5	;RP0=0, select bank0
   444     05F5  1303               	bcf	3,6	;RP1=0, select bank0
   445     05F6  1E8C               	btfss	12,5	;volatile
   446     05F7  2DF9               	goto	u411
   447     05F8  2DFA               	goto	u410
   448     05F9                     u411:
   449     05F9  2E62               	goto	l844
   450     05FA                     u410:
   451     05FA                     l806:
   452                           
   453                           ;prueba2.c: 152: 
   454     05FA  120A  118A  2597  120A  118A  	fcall	_UART_Read
   455     05FF  00FA               	movwf	main@dato
   456     0600                     l808:
   457                           
   458                           ;prueba2.c: 155:                         PORTCbits.RC0 = 1;
   459     0600  300A               	movlw	10
   460     0601  067A               	xorwf	main@dato,w
   461     0602  1903               	btfsc	3,2
   462     0603  2E05               	goto	u421
   463     0604  2E06               	goto	u420
   464     0605                     u421:
   465     0605  2E0C               	goto	l812
   466     0606                     u420:
   467     0606                     l810:
   468     0606  300D               	movlw	13
   469     0607  067A               	xorwf	main@dato,w
   470     0608  1D03               	btfss	3,2
   471     0609  2E0B               	goto	u431
   472     060A  2E0C               	goto	u430
   473     060B                     u431:
   474     060B  2E54               	goto	l838
   475     060C                     u430:
   476     060C                     l812:
   477                           
   478                           ;prueba2.c: 156: 
   479     060C  087B               	movf	_bufferIndex,w
   480     060D  1903               	btfsc	3,2
   481     060E  2E10               	goto	u441
   482     060F  2E11               	goto	u440
   483     0610                     u441:
   484     0610  2E62               	goto	l844
   485     0611                     u440:
   486     0611                     l814:
   487                           
   488                           ;prueba2.c: 157: 
   489     0611  087B               	movf	_bufferIndex,w
   490     0612  3E20               	addlw	(low (_jsonBuffer| 0))& (0+255)
   491     0613  0084               	movwf	4
   492     0614  1383               	bcf	3,7	;select IRP bank0
   493     0615  0180               	clrf	0
   494     0616                     l816:
   495                           
   496                           ;prueba2.c: 160:                     } else if(comando == 0) {
   497     0616  1283               	bcf	3,5	;RP0=0, select bank0
   498     0617  1303               	bcf	3,6	;RP1=0, select bank0
   499     0618  1487               	bsf	7,1	;volatile
   500     0619                     l818:
   501                           
   502                           ;prueba2.c: 161: 
   503     0619  301A               	movlw	26
   504     061A  00F7               	movwf	??_main+1
   505     061B  30F8               	movlw	248
   506     061C  00F6               	movwf	??_main
   507     061D                     u497:
   508     061D  0BF6               	decfsz	??_main,f
   509     061E  2E1D               	goto	u497
   510     061F  0BF7               	decfsz	??_main+1,f
   511     0620  2E1D               	goto	u497
   512     0621  0000               	nop
   513     0622                     l820:
   514                           
   515                           ;prueba2.c: 162:                         PORTCbits.RC0 = 0;
   516     0622  1283               	bcf	3,5	;RP0=0, select bank0
   517     0623  1303               	bcf	3,6	;RP1=0, select bank0
   518     0624  1087               	bcf	7,1	;volatile
   519     0625                     l822:
   520                           
   521                           ;prueba2.c: 165:                         enviar_respuesta_json(0);
   522     0625  120A  118A  266D  120A  118A  	fcall	_buscar_valor_json
   523     062A  0871               	movf	?_buscar_valor_json+1,w
   524     062B  00F9               	movwf	main@comando+1
   525     062C  0870               	movf	?_buscar_valor_json,w
   526     062D  00F8               	movwf	main@comando
   527     062E                     l824:
   528                           
   529                           ;prueba2.c: 167: 
   530     062E  0378               	decf	main@comando,w
   531     062F  0479               	iorwf	main@comando+1,w
   532     0630  1D03               	btfss	3,2
   533     0631  2E33               	goto	u451
   534     0632  2E34               	goto	u450
   535     0633                     u451:
   536     0633  2E41               	goto	l830
   537     0634                     u450:
   538     0634                     l826:
   539                           
   540                           ;prueba2.c: 169:                     bufferIndex = 0;
   541     0634  1283               	bcf	3,5	;RP0=0, select bank0
   542     0635  1303               	bcf	3,6	;RP1=0, select bank0
   543     0636  1407               	bsf	7,0	;volatile
   544     0637                     l828:
   545                           
   546                           ;prueba2.c: 172:             } else if(bufferIndex < (32 - 1)) {
   547     0637  3001               	movlw	1
   548     0638  00F1               	movwf	enviar_respuesta_json@valor
   549     0639  3000               	movlw	0
   550     063A  00F2               	movwf	enviar_respuesta_json@valor+1
   551     063B  120A  118A  270C  120A  118A  	fcall	_enviar_respuesta_json
   552                           
   553                           ;prueba2.c: 174:                 jsonBuffer[bufferIndex++] = dato;
   554     0640  2E52               	goto	l836
   555     0641                     l830:
   556     0641  0878               	movf	main@comando,w
   557     0642  0479               	iorwf	main@comando+1,w
   558     0643  1D03               	btfss	3,2
   559     0644  2E46               	goto	u461
   560     0645  2E47               	goto	u460
   561     0646                     u461:
   562     0646  2E52               	goto	l836
   563     0647                     u460:
   564     0647                     l832:
   565                           
   566                           ;prueba2.c: 176:         }
   567     0647  1283               	bcf	3,5	;RP0=0, select bank0
   568     0648  1303               	bcf	3,6	;RP1=0, select bank0
   569     0649  1007               	bcf	7,0	;volatile
   570     064A                     l834:
   571                           
   572                           ;prueba2.c: 179:         _delay((unsigned long)((1)*(4000000UL/4000.0)));
   573     064A  3000               	movlw	0
   574     064B  00F1               	movwf	enviar_respuesta_json@valor
   575     064C  00F2               	movwf	enviar_respuesta_json@valor+1
   576     064D  120A  118A  270C  120A  118A  	fcall	_enviar_respuesta_json
   577     0652                     l836:
   578     0652  01FB               	clrf	_bufferIndex
   579     0653  2E62               	goto	l844
   580     0654                     l838:
   581     0654  301F               	movlw	31
   582     0655  027B               	subwf	_bufferIndex,w
   583     0656  1803               	skipnc
   584     0657  2E59               	goto	u471
   585     0658  2E5A               	goto	u470
   586     0659                     u471:
   587     0659  2E62               	goto	l844
   588     065A                     u470:
   589     065A                     l840:
   590     065A  087B               	movf	_bufferIndex,w
   591     065B  3E20               	addlw	(low (_jsonBuffer| 0))& (0+255)
   592     065C  0084               	movwf	4
   593     065D  087A               	movf	main@dato,w
   594     065E  1383               	bcf	3,7	;select IRP bank0
   595     065F  0080               	movwf	0
   596     0660                     l842:
   597     0660  3001               	movlw	1
   598     0661  07FB               	addwf	_bufferIndex,f
   599     0662                     l844:
   600     0662  30C7               	movlw	199
   601     0663  00F6               	movwf	??_main
   602     0664                     u507:
   603     0664  2E65               	nop2
   604     0665  0BF6               	decfsz	??_main,f
   605     0666  2E64               	goto	u507
   606     0667  2E68               	nop2
   607     0668  2E69               	nop2
   608     0669  2DF4               	goto	l804
   609     066A  120A  118A  2800   	ljmp	start
   610     066D                     __end_of_main:
   611                           
   612                           	psect	text1
   613     070C                     __ptext1:	
   614 ;; *************** function _enviar_respuesta_json *****************
   615 ;; Defined at:
   616 ;;		line 85 in file "prueba2.c"
   617 ;; Parameters:    Size  Location     Type
   618 ;;  valor           2    1[COMMON] int 
   619 ;; Auto vars:     Size  Location     Type
   620 ;;		None
   621 ;; Return value:  Size  Location     Type
   622 ;;                  1    wreg      void 
   623 ;; Registers used:
   624 ;;		wreg, status,2, status,0, pclath, cstack
   625 ;; Tracked objects:
   626 ;;		On entry : 0/0
   627 ;;		On exit  : 0/0
   628 ;;		Unchanged: 0/0
   629 ;; Data sizes:     COMMON   BANK0   BANK1   BANK3   BANK2
   630 ;;      Params:         2       0       0       0       0
   631 ;;      Locals:         0       0       0       0       0
   632 ;;      Temps:          0       0       0       0       0
   633 ;;      Totals:         2       0       0       0       0
   634 ;;Total ram usage:        2 bytes
   635 ;; Hardware stack levels used: 1
   636 ;; Hardware stack levels required when called: 1
   637 ;; This function calls:
   638 ;;		_UART_Write
   639 ;; This function is called by:
   640 ;;		_main
   641 ;; This function uses a non-reentrant model
   642 ;;
   643                           
   644     070C                     _enviar_respuesta_json:	
   645                           ;psect for function _enviar_respuesta_json
   646                           
   647     070C                     l794:	
   648                           ;incstack = 0
   649                           ; Regs used in _enviar_respuesta_json: [wreg+status,2+status,0+pclath+cstack]
   650                           
   651                           
   652                           ;prueba2.c: 87: 
   653     070C  307B               	movlw	123
   654     070D  120A  118A  258B  120A  118A  	fcall	_UART_Write
   655                           
   656                           ;prueba2.c: 88:     UART_Write((unsigned char)('0' + (unsigned char)valor));
   657     0712  3022               	movlw	34
   658     0713  120A  118A  258B  120A  118A  	fcall	_UART_Write
   659                           
   660                           ;prueba2.c: 89: 
   661     0718  3072               	movlw	114
   662     0719  120A  118A  258B  120A  118A  	fcall	_UART_Write
   663                           
   664                           ;prueba2.c: 90:     UART_Write(',');
   665     071E  3065               	movlw	101
   666     071F  120A  118A  258B  120A  118A  	fcall	_UART_Write
   667                           
   668                           ;prueba2.c: 91:     UART_Write(' ');
   669     0724  3073               	movlw	115
   670     0725  120A  118A  258B  120A  118A  	fcall	_UART_Write
   671                           
   672                           ;prueba2.c: 92:     UART_Write('"');
   673     072A  3070               	movlw	112
   674     072B  120A  118A  258B  120A  118A  	fcall	_UART_Write
   675                           
   676                           ;prueba2.c: 93:     UART_Write('s');
   677     0730  306F               	movlw	111
   678     0731  120A  118A  258B  120A  118A  	fcall	_UART_Write
   679                           
   680                           ;prueba2.c: 94:     UART_Write('t');
   681     0736  306E               	movlw	110
   682     0737  120A  118A  258B  120A  118A  	fcall	_UART_Write
   683                           
   684                           ;prueba2.c: 95:     UART_Write('a');
   685     073C  3073               	movlw	115
   686     073D  120A  118A  258B  120A  118A  	fcall	_UART_Write
   687                           
   688                           ;prueba2.c: 96:     UART_Write('t');
   689     0742  3065               	movlw	101
   690     0743  120A  118A  258B  120A  118A  	fcall	_UART_Write
   691                           
   692                           ;prueba2.c: 97:     UART_Write('u');
   693     0748  3022               	movlw	34
   694     0749  120A  118A  258B  120A  118A  	fcall	_UART_Write
   695                           
   696                           ;prueba2.c: 98:     UART_Write('s');
   697     074E  303A               	movlw	58
   698     074F  120A  118A  258B  120A  118A  	fcall	_UART_Write
   699                           
   700                           ;prueba2.c: 99:     UART_Write('"');
   701     0754  3020               	movlw	32
   702     0755  120A  118A  258B  120A  118A  	fcall	_UART_Write
   703                           
   704                           ;prueba2.c: 102:     UART_Write('"');
   705     075A  0871               	movf	enviar_respuesta_json@valor,w
   706     075B  3E30               	addlw	48
   707     075C  120A  118A  258B  120A  118A  	fcall	_UART_Write
   708                           
   709                           ;prueba2.c: 104:     UART_Write('u');
   710     0761  302C               	movlw	44
   711     0762  120A  118A  258B  120A  118A  	fcall	_UART_Write
   712                           
   713                           ;prueba2.c: 105:     UART_Write('c');
   714     0767  3020               	movlw	32
   715     0768  120A  118A  258B  120A  118A  	fcall	_UART_Write
   716                           
   717                           ;prueba2.c: 106:     UART_Write('c');
   718     076D  3022               	movlw	34
   719     076E  120A  118A  258B  120A  118A  	fcall	_UART_Write
   720                           
   721                           ;prueba2.c: 107:     UART_Write('e');
   722     0773  3073               	movlw	115
   723     0774  120A  118A  258B  120A  118A  	fcall	_UART_Write
   724                           
   725                           ;prueba2.c: 108:     UART_Write('s');
   726     0779  3074               	movlw	116
   727     077A  120A  118A  258B  120A  118A  	fcall	_UART_Write
   728                           
   729                           ;prueba2.c: 109:     UART_Write('s');
   730     077F  3061               	movlw	97
   731     0780  120A  118A  258B  120A  118A  	fcall	_UART_Write
   732                           
   733                           ;prueba2.c: 110:     UART_Write('"');
   734     0785  3074               	movlw	116
   735     0786  120A  118A  258B  120A  118A  	fcall	_UART_Write
   736                           
   737                           ;prueba2.c: 111:     UART_Write('}');
   738     078B  3075               	movlw	117
   739     078C  120A  118A  258B  120A  118A  	fcall	_UART_Write
   740                           
   741                           ;prueba2.c: 112:     UART_Write('\r');
   742     0791  3073               	movlw	115
   743     0792  120A  118A  258B  120A  118A  	fcall	_UART_Write
   744                           
   745                           ;prueba2.c: 113:     UART_Write('\n');
   746     0797  3022               	movlw	34
   747     0798  120A  118A  258B  120A  118A  	fcall	_UART_Write
   748                           
   749                           ;prueba2.c: 114: }
   750     079D  303A               	movlw	58
   751     079E  120A  118A  258B  120A  118A  	fcall	_UART_Write
   752                           
   753                           ;prueba2.c: 115: 
   754     07A3  3020               	movlw	32
   755     07A4  120A  118A  258B  120A  118A  	fcall	_UART_Write
   756                           
   757                           ;prueba2.c: 116: void main(void) {
   758     07A9  3022               	movlw	34
   759     07AA  120A  118A  258B  120A  118A  	fcall	_UART_Write
   760                           
   761                           ;prueba2.c: 117: 
   762     07AF  3073               	movlw	115
   763     07B0  120A  118A  258B  120A  118A  	fcall	_UART_Write
   764                           
   765                           ;prueba2.c: 118:     TRISCbits.TRISC0 = 0;
   766     07B5  3075               	movlw	117
   767     07B6  120A  118A  258B  120A  118A  	fcall	_UART_Write
   768                           
   769                           ;prueba2.c: 119:     PORTCbits.RC0 = 0;
   770     07BB  3063               	movlw	99
   771     07BC  120A  118A  258B  120A  118A  	fcall	_UART_Write
   772                           
   773                           ;prueba2.c: 120: 
   774     07C1  3063               	movlw	99
   775     07C2  120A  118A  258B  120A  118A  	fcall	_UART_Write
   776                           
   777                           ;prueba2.c: 121: 
   778     07C7  3065               	movlw	101
   779     07C8  120A  118A  258B  120A  118A  	fcall	_UART_Write
   780                           
   781                           ;prueba2.c: 122:     TRISCbits.TRISC1 = 0;
   782     07CD  3073               	movlw	115
   783     07CE  120A  118A  258B  120A  118A  	fcall	_UART_Write
   784                           
   785                           ;prueba2.c: 123:     PORTCbits.RC1 = 0;
   786     07D3  3073               	movlw	115
   787     07D4  120A  118A  258B  120A  118A  	fcall	_UART_Write
   788                           
   789                           ;prueba2.c: 124: 
   790     07D9  3022               	movlw	34
   791     07DA  120A  118A  258B  120A  118A  	fcall	_UART_Write
   792                           
   793                           ;prueba2.c: 125: 
   794     07DF  307D               	movlw	125
   795     07E0  120A  118A  258B  120A  118A  	fcall	_UART_Write
   796                           
   797                           ;prueba2.c: 126:     UART_Init();
   798     07E5  300D               	movlw	13
   799     07E6  120A  118A  258B  120A  118A  	fcall	_UART_Write
   800                           
   801                           ;prueba2.c: 127: 
   802     07EB  300A               	movlw	10
   803     07EC  120A  118A  258B  120A  118A  	fcall	_UART_Write
   804     07F1                     l60:
   805     07F1  0008               	return
   806     07F2                     __end_of_enviar_respuesta_json:
   807                           
   808                           	psect	text2
   809     066D                     __ptext2:	
   810 ;; *************** function _buscar_valor_json *****************
   811 ;; Defined at:
   812 ;;		line 64 in file "prueba2.c"
   813 ;; Parameters:    Size  Location     Type
   814 ;;		None
   815 ;; Auto vars:     Size  Location     Type
   816 ;;  j               1    4[COMMON] unsigned char 
   817 ;;  i               1    5[COMMON] unsigned char 
   818 ;; Return value:  Size  Location     Type
   819 ;;                  2    0[COMMON] int 
   820 ;; Registers used:
   821 ;;		wreg, fsr0l, fsr0h, status,2, status,0
   822 ;; Tracked objects:
   823 ;;		On entry : 0/0
   824 ;;		On exit  : 0/0
   825 ;;		Unchanged: 0/0
   826 ;; Data sizes:     COMMON   BANK0   BANK1   BANK3   BANK2
   827 ;;      Params:         2       0       0       0       0
   828 ;;      Locals:         2       0       0       0       0
   829 ;;      Temps:          2       0       0       0       0
   830 ;;      Totals:         6       0       0       0       0
   831 ;;Total ram usage:        6 bytes
   832 ;; Hardware stack levels used: 1
   833 ;; This function calls:
   834 ;;		Nothing
   835 ;; This function is called by:
   836 ;;		_main
   837 ;; This function uses a non-reentrant model
   838 ;;
   839                           
   840     066D                     _buscar_valor_json:	
   841                           ;psect for function _buscar_valor_json
   842                           
   843     066D                     l750:	
   844                           ;incstack = 0
   845                           ; Regs used in _buscar_valor_json: [wreg-fsr0h+status,2+status,0]
   846                           
   847                           
   848                           ;prueba2.c: 66:     }
   849     066D  01F5               	clrf	buscar_valor_json@i
   850     066E  2EF5               	goto	l788
   851     066F                     l752:
   852                           
   853                           ;prueba2.c: 68: }
   854     066F  0875               	movf	buscar_valor_json@i,w
   855     0670  3E20               	addlw	(low (_jsonBuffer| 0))& (0+255)
   856     0671  0084               	movwf	4
   857     0672  3022               	movlw	34
   858     0673  1383               	bcf	3,7	;select IRP bank0
   859     0674  0600               	xorwf	0,w
   860     0675  1D03               	btfss	3,2
   861     0676  2E78               	goto	u271
   862     0677  2E79               	goto	u270
   863     0678                     u271:
   864     0678  2EF3               	goto	l786
   865     0679                     u270:
   866     0679                     l754:
   867     0679  0875               	movf	buscar_valor_json@i,w
   868     067A  3E21               	addlw	(low ((_jsonBuffer| 0+1)))& (0+255)
   869     067B  0084               	movwf	4
   870     067C  3063               	movlw	99
   871     067D  0600               	xorwf	0,w
   872     067E  1D03               	btfss	3,2
   873     067F  2E81               	goto	u281
   874     0680  2E82               	goto	u280
   875     0681                     u281:
   876     0681  2EF3               	goto	l786
   877     0682                     u280:
   878     0682                     l756:
   879     0682  0875               	movf	buscar_valor_json@i,w
   880     0683  3E22               	addlw	(low ((_jsonBuffer| 0+2)))& (0+255)
   881     0684  0084               	movwf	4
   882     0685  306F               	movlw	111
   883     0686  0600               	xorwf	0,w
   884     0687  1D03               	btfss	3,2
   885     0688  2E8A               	goto	u291
   886     0689  2E8B               	goto	u290
   887     068A                     u291:
   888     068A  2EF3               	goto	l786
   889     068B                     u290:
   890     068B                     l758:
   891     068B  0875               	movf	buscar_valor_json@i,w
   892     068C  3E23               	addlw	(low ((_jsonBuffer| 0+3)))& (0+255)
   893     068D  0084               	movwf	4
   894     068E  306D               	movlw	109
   895     068F  0600               	xorwf	0,w
   896     0690  1D03               	btfss	3,2
   897     0691  2E93               	goto	u301
   898     0692  2E94               	goto	u300
   899     0693                     u301:
   900     0693  2EF3               	goto	l786
   901     0694                     u300:
   902     0694                     l760:
   903     0694  0875               	movf	buscar_valor_json@i,w
   904     0695  3E24               	addlw	(low ((_jsonBuffer| 0+4)))& (0+255)
   905     0696  0084               	movwf	4
   906     0697  306D               	movlw	109
   907     0698  0600               	xorwf	0,w
   908     0699  1D03               	btfss	3,2
   909     069A  2E9C               	goto	u311
   910     069B  2E9D               	goto	u310
   911     069C                     u311:
   912     069C  2EF3               	goto	l786
   913     069D                     u310:
   914     069D                     l762:
   915     069D  0875               	movf	buscar_valor_json@i,w
   916     069E  3E25               	addlw	(low ((_jsonBuffer| 0+5)))& (0+255)
   917     069F  0084               	movwf	4
   918     06A0  3061               	movlw	97
   919     06A1  0600               	xorwf	0,w
   920     06A2  1D03               	btfss	3,2
   921     06A3  2EA5               	goto	u321
   922     06A4  2EA6               	goto	u320
   923     06A5                     u321:
   924     06A5  2EF3               	goto	l786
   925     06A6                     u320:
   926     06A6                     l764:
   927     06A6  0875               	movf	buscar_valor_json@i,w
   928     06A7  3E26               	addlw	(low ((_jsonBuffer| 0+6)))& (0+255)
   929     06A8  0084               	movwf	4
   930     06A9  306E               	movlw	110
   931     06AA  0600               	xorwf	0,w
   932     06AB  1D03               	btfss	3,2
   933     06AC  2EAE               	goto	u331
   934     06AD  2EAF               	goto	u330
   935     06AE                     u331:
   936     06AE  2EF3               	goto	l786
   937     06AF                     u330:
   938     06AF                     l766:
   939     06AF  0875               	movf	buscar_valor_json@i,w
   940     06B0  3E27               	addlw	(low ((_jsonBuffer| 0+7)))& (0+255)
   941     06B1  0084               	movwf	4
   942     06B2  3064               	movlw	100
   943     06B3  0600               	xorwf	0,w
   944     06B4  1D03               	btfss	3,2
   945     06B5  2EB7               	goto	u341
   946     06B6  2EB8               	goto	u340
   947     06B7                     u341:
   948     06B7  2EF3               	goto	l786
   949     06B8                     u340:
   950     06B8                     l768:
   951     06B8  0875               	movf	buscar_valor_json@i,w
   952     06B9  3E28               	addlw	(low ((_jsonBuffer| 0+8)))& (0+255)
   953     06BA  0084               	movwf	4
   954     06BB  3022               	movlw	34
   955     06BC  0600               	xorwf	0,w
   956     06BD  1D03               	btfss	3,2
   957     06BE  2EC0               	goto	u351
   958     06BF  2EC1               	goto	u350
   959     06C0                     u351:
   960     06C0  2EF3               	goto	l786
   961     06C1                     u350:
   962     06C1                     l770:
   963     06C1  0875               	movf	buscar_valor_json@i,w
   964     06C2  3E29               	addlw	(low ((_jsonBuffer| 0+9)))& (0+255)
   965     06C3  0084               	movwf	4
   966     06C4  303A               	movlw	58
   967     06C5  0600               	xorwf	0,w
   968     06C6  1D03               	btfss	3,2
   969     06C7  2EC9               	goto	u361
   970     06C8  2ECA               	goto	u360
   971     06C9                     u361:
   972     06C9  2EF3               	goto	l786
   973     06CA                     u360:
   974     06CA                     l772:
   975                           
   976                           ;prueba2.c: 71: void enviar_respuesta_json(int valor) {;prueba2.c: 74:     UART_Write('"
      +                          ');
   977     06CA  0875               	movf	buscar_valor_json@i,w
   978     06CB  3E0A               	addlw	10
   979     06CC  00F4               	movwf	buscar_valor_json@j
   980     06CD  2EED               	goto	l784
   981     06CE                     l774:
   982                           
   983                           ;prueba2.c: 75:     UART_Write('r');
   984     06CE  0874               	movf	buscar_valor_json@j,w
   985     06CF  3E20               	addlw	(low (_jsonBuffer| 0))& (0+255)
   986     06D0  0084               	movwf	4
   987     06D1  3030               	movlw	48
   988     06D2  0200               	subwf	0,w
   989     06D3  1C03               	skipc
   990     06D4  2ED6               	goto	u371
   991     06D5  2ED7               	goto	u370
   992     06D6                     u371:
   993     06D6  2EEB               	goto	l782
   994     06D7                     u370:
   995     06D7                     l776:
   996     06D7  0874               	movf	buscar_valor_json@j,w
   997     06D8  3E20               	addlw	(low (_jsonBuffer| 0))& (0+255)
   998     06D9  0084               	movwf	4
   999     06DA  303A               	movlw	58
  1000     06DB  0200               	subwf	0,w
  1001     06DC  1803               	skipnc
  1002     06DD  2EDF               	goto	u381
  1003     06DE  2EE0               	goto	u380
  1004     06DF                     u381:
  1005     06DF  2EEB               	goto	l782
  1006     06E0                     u380:
  1007     06E0                     l778:
  1008                           
  1009                           ;prueba2.c: 76:     UART_Write('e');
  1010     06E0  0874               	movf	buscar_valor_json@j,w
  1011     06E1  3E20               	addlw	(low (_jsonBuffer| 0))& (0+255)
  1012     06E2  0084               	movwf	4
  1013     06E3  0800               	movf	0,w
  1014     06E4  3ED0               	addlw	208
  1015     06E5  00F0               	movwf	?_buscar_valor_json
  1016     06E6  30FF               	movlw	255
  1017     06E7  1803               	skipnc
  1018     06E8  3000               	movlw	0
  1019     06E9  00F1               	movwf	?_buscar_valor_json+1
  1020     06EA  2F0B               	goto	l55
  1021     06EB                     l782:
  1022                           
  1023                           ;prueba2.c: 78:     UART_Write('p');
  1024     06EB  3001               	movlw	1
  1025     06EC  07F4               	addwf	buscar_valor_json@j,f
  1026     06ED                     l784:
  1027     06ED  087B               	movf	_bufferIndex,w
  1028     06EE  0274               	subwf	buscar_valor_json@j,w
  1029     06EF  1C03               	skipc
  1030     06F0  2EF2               	goto	u391
  1031     06F1  2EF3               	goto	u390
  1032     06F2                     u391:
  1033     06F2  2ECE               	goto	l774
  1034     06F3                     u390:
  1035     06F3                     l786:
  1036                           
  1037                           ;prueba2.c: 80:     UART_Write('n');
  1038     06F3  3001               	movlw	1
  1039     06F4  07F5               	addwf	buscar_valor_json@i,f
  1040     06F5                     l788:
  1041     06F5  087B               	movf	_bufferIndex,w
  1042     06F6  3EF7               	addlw	247
  1043     06F7  00F2               	movwf	??_buscar_valor_json
  1044     06F8  30FF               	movlw	255
  1045     06F9  1803               	skipnc
  1046     06FA  3000               	movlw	0
  1047     06FB  00F3               	movwf	??_buscar_valor_json+1
  1048     06FC  0873               	movf	??_buscar_valor_json+1,w
  1049     06FD  3A80               	xorlw	128
  1050     06FE  3C80               	sublw	128
  1051     06FF  1D03               	skipz
  1052     0700  2F03               	goto	u405
  1053     0701  0872               	movf	??_buscar_valor_json,w
  1054     0702  0275               	subwf	buscar_valor_json@i,w
  1055     0703                     u405:
  1056     0703  1C03               	skipc
  1057     0704  2F06               	goto	u401
  1058     0705  2F07               	goto	u400
  1059     0706                     u401:
  1060     0706  2E6F               	goto	l752
  1061     0707                     u400:
  1062     0707                     l790:
  1063                           
  1064                           ;prueba2.c: 81:     UART_Write('s');
  1065     0707  30FF               	movlw	255
  1066     0708  00F0               	movwf	?_buscar_valor_json
  1067     0709  30FF               	movlw	255
  1068     070A  00F1               	movwf	?_buscar_valor_json+1
  1069     070B                     l55:
  1070     070B  0008               	return
  1071     070C                     __end_of_buscar_valor_json:
  1072                           
  1073                           	psect	text3
  1074     05B7                     __ptext3:	
  1075 ;; *************** function _UART_Write_String *****************
  1076 ;; Defined at:
  1077 ;;		line 45 in file "prueba2.c"
  1078 ;; Parameters:    Size  Location     Type
  1079 ;;  str             1    1[COMMON] PTR const unsigned char 
  1080 ;;		 -> STR_1(19), 
  1081 ;; Auto vars:     Size  Location     Type
  1082 ;;		None
  1083 ;; Return value:  Size  Location     Type
  1084 ;;                  1    wreg      void 
  1085 ;; Registers used:
  1086 ;;		wreg, fsr0l, fsr0h, status,2, status,0, pclath, cstack
  1087 ;; Tracked objects:
  1088 ;;		On entry : 0/0
  1089 ;;		On exit  : 0/0
  1090 ;;		Unchanged: 0/0
  1091 ;; Data sizes:     COMMON   BANK0   BANK1   BANK3   BANK2
  1092 ;;      Params:         1       0       0       0       0
  1093 ;;      Locals:         0       0       0       0       0
  1094 ;;      Temps:          0       0       0       0       0
  1095 ;;      Totals:         1       0       0       0       0
  1096 ;;Total ram usage:        1 bytes
  1097 ;; Hardware stack levels used: 1
  1098 ;; Hardware stack levels required when called: 1
  1099 ;; This function calls:
  1100 ;;		_UART_Write
  1101 ;; This function is called by:
  1102 ;;		_main
  1103 ;; This function uses a non-reentrant model
  1104 ;;
  1105                           
  1106     05B7                     _UART_Write_String:	
  1107                           ;psect for function _UART_Write_String
  1108                           
  1109     05B7                     l742:	
  1110                           ;incstack = 0
  1111                           ; Regs used in _UART_Write_String: [wreg-fsr0h+status,2+status,0+pclath+cstack]
  1112                           
  1113                           
  1114                           ;prueba2.c: 46:     return RCREG;
  1115     05B7  2DC6               	goto	l748
  1116     05B8                     l744:
  1117                           
  1118                           ;prueba2.c: 47: }
  1119     05B8  0871               	movf	UART_Write_String@str,w
  1120     05B9  0084               	movwf	4
  1121     05BA  120A  118A  2003  120A  118A  	fcall	stringdir
  1122     05BF  120A  118A  258B  120A  118A  	fcall	_UART_Write
  1123     05C4                     l746:
  1124     05C4  3001               	movlw	1
  1125     05C5  07F1               	addwf	UART_Write_String@str,f
  1126     05C6                     l748:
  1127                           
  1128                           ;prueba2.c: 46:     return RCREG;
  1129     05C6  0871               	movf	UART_Write_String@str,w
  1130     05C7  0084               	movwf	4
  1131     05C8  120A  118A  2003  120A  118A  	fcall	stringdir
  1132     05CD  3A00               	xorlw	0
  1133     05CE  1D03               	skipz
  1134     05CF  2DD1               	goto	u261
  1135     05D0  2DD2               	goto	u260
  1136     05D1                     u261:
  1137     05D1  2DB8               	goto	l744
  1138     05D2                     u260:
  1139     05D2                     l39:
  1140     05D2  0008               	return
  1141     05D3                     __end_of_UART_Write_String:
  1142                           
  1143                           	psect	text4
  1144     058B                     __ptext4:	
  1145 ;; *************** function _UART_Write *****************
  1146 ;; Defined at:
  1147 ;;		line 40 in file "prueba2.c"
  1148 ;; Parameters:    Size  Location     Type
  1149 ;;  data            1    wreg     unsigned char 
  1150 ;; Auto vars:     Size  Location     Type
  1151 ;;  data            1    0[COMMON] unsigned char 
  1152 ;; Return value:  Size  Location     Type
  1153 ;;                  1    wreg      void 
  1154 ;; Registers used:
  1155 ;;		wreg
  1156 ;; Tracked objects:
  1157 ;;		On entry : 0/0
  1158 ;;		On exit  : 0/0
  1159 ;;		Unchanged: 0/0
  1160 ;; Data sizes:     COMMON   BANK0   BANK1   BANK3   BANK2
  1161 ;;      Params:         0       0       0       0       0
  1162 ;;      Locals:         1       0       0       0       0
  1163 ;;      Temps:          0       0       0       0       0
  1164 ;;      Totals:         1       0       0       0       0
  1165 ;;Total ram usage:        1 bytes
  1166 ;; Hardware stack levels used: 1
  1167 ;; This function calls:
  1168 ;;		Nothing
  1169 ;; This function is called by:
  1170 ;;		_UART_Write_String
  1171 ;;		_enviar_respuesta_json
  1172 ;; This function uses a non-reentrant model
  1173 ;;
  1174                           
  1175     058B                     _UART_Write:	
  1176                           ;psect for function _UART_Write
  1177                           
  1178                           
  1179                           ;incstack = 0
  1180                           ; Regs used in _UART_Write: [wreg]
  1181                           ;UART_Write@data stored from wreg
  1182     058B  00F0               	movwf	UART_Write@data
  1183     058C                     l622:
  1184     058C                     l30:	
  1185                           ;prueba2.c: 41:         if(RCSTAbits.OERR) {
  1186                           
  1187     058C  1683               	bsf	3,5	;RP0=1, select bank1
  1188     058D  1303               	bcf	3,6	;RP1=0, select bank1
  1189     058E  1C98               	btfss	24,1	;volatile
  1190     058F  2D91               	goto	u11
  1191     0590  2D92               	goto	u10
  1192     0591                     u11:
  1193     0591  2D8C               	goto	l30
  1194     0592                     u10:
  1195     0592                     l624:
  1196                           
  1197                           ;prueba2.c: 42:             RCSTAbits.CREN = 0;
  1198     0592  0870               	movf	UART_Write@data,w
  1199     0593  1283               	bcf	3,5	;RP0=0, select bank0
  1200     0594  1303               	bcf	3,6	;RP1=0, select bank0
  1201     0595  0099               	movwf	25	;volatile
  1202     0596                     l33:
  1203     0596  0008               	return
  1204     0597                     __end_of_UART_Write:
  1205                           
  1206                           	psect	text5
  1207     0597                     __ptext5:	
  1208 ;; *************** function _UART_Read *****************
  1209 ;; Defined at:
  1210 ;;		line 51 in file "prueba2.c"
  1211 ;; Parameters:    Size  Location     Type
  1212 ;;		None
  1213 ;; Auto vars:     Size  Location     Type
  1214 ;;		None
  1215 ;; Return value:  Size  Location     Type
  1216 ;;                  1    wreg      unsigned char 
  1217 ;; Registers used:
  1218 ;;		wreg
  1219 ;; Tracked objects:
  1220 ;;		On entry : 0/0
  1221 ;;		On exit  : 0/0
  1222 ;;		Unchanged: 0/0
  1223 ;; Data sizes:     COMMON   BANK0   BANK1   BANK3   BANK2
  1224 ;;      Params:         0       0       0       0       0
  1225 ;;      Locals:         0       0       0       0       0
  1226 ;;      Temps:          0       0       0       0       0
  1227 ;;      Totals:         0       0       0       0       0
  1228 ;;Total ram usage:        0 bytes
  1229 ;; Hardware stack levels used: 1
  1230 ;; This function calls:
  1231 ;;		Nothing
  1232 ;; This function is called by:
  1233 ;;		_main
  1234 ;; This function uses a non-reentrant model
  1235 ;;
  1236                           
  1237     0597                     _UART_Read:	
  1238                           ;psect for function _UART_Read
  1239                           
  1240     0597                     l638:	
  1241                           ;incstack = 0
  1242                           ; Regs used in _UART_Read: [wreg]
  1243                           
  1244                           
  1245                           ;prueba2.c: 53: 
  1246     0597  2D9E               	goto	l42
  1247     0598                     l43:
  1248                           
  1249                           ;prueba2.c: 55:            jsonBuffer[i+3] == 'm' && jsonBuffer[i+4] == 'm' && jsonBuffe
      +                          r[i+5] == 'a' &&
  1250     0598  1C98               	btfss	24,1	;volatile
  1251     0599  2D9B               	goto	u31
  1252     059A  2D9C               	goto	u30
  1253     059B                     u31:
  1254     059B  2D9E               	goto	l42
  1255     059C                     u30:
  1256     059C                     l640:
  1257                           
  1258                           ;prueba2.c: 56:            jsonBuffer[i+6] == 'n' && jsonBuffer[i+7] == 'd' && jsonBuffe
      +                          r[i+8] == '"' &&
  1259     059C  1218               	bcf	24,4	;volatile
  1260                           
  1261                           ;prueba2.c: 57:            jsonBuffer[i+9] == ':') {
  1262     059D  1618               	bsf	24,4	;volatile
  1263     059E                     l42:	
  1264                           ;prueba2.c: 59: 
  1265                           
  1266                           
  1267                           ;prueba2.c: 53: 
  1268     059E  1283               	bcf	3,5	;RP0=0, select bank0
  1269     059F  1303               	bcf	3,6	;RP1=0, select bank0
  1270     05A0  1E8C               	btfss	12,5	;volatile
  1271     05A1  2DA3               	goto	u41
  1272     05A2  2DA4               	goto	u40
  1273     05A3                     u41:
  1274     05A3  2D98               	goto	l43
  1275     05A4                     u40:
  1276     05A4                     l642:
  1277                           
  1278                           ;prueba2.c: 60:             for(unsigned char j = i + 10; j < bufferIndex; j++) {
  1279     05A4  081A               	movf	26,w	;volatile
  1280     05A5                     l46:
  1281     05A5  0008               	return
  1282     05A6                     __end_of_UART_Read:
  1283                           
  1284                           	psect	text6
  1285     05A6                     __ptext6:	
  1286 ;; *************** function _UART_Init *****************
  1287 ;; Defined at:
  1288 ;;		line 19 in file "prueba2.c"
  1289 ;; Parameters:    Size  Location     Type
  1290 ;;		None
  1291 ;; Auto vars:     Size  Location     Type
  1292 ;;		None
  1293 ;; Return value:  Size  Location     Type
  1294 ;;                  1    wreg      void 
  1295 ;; Registers used:
  1296 ;;		status,2
  1297 ;; Tracked objects:
  1298 ;;		On entry : 0/0
  1299 ;;		On exit  : 0/0
  1300 ;;		Unchanged: 0/0
  1301 ;; Data sizes:     COMMON   BANK0   BANK1   BANK3   BANK2
  1302 ;;      Params:         0       0       0       0       0
  1303 ;;      Locals:         0       0       0       0       0
  1304 ;;      Temps:          0       0       0       0       0
  1305 ;;      Totals:         0       0       0       0       0
  1306 ;;Total ram usage:        0 bytes
  1307 ;; Hardware stack levels used: 1
  1308 ;; This function calls:
  1309 ;;		Nothing
  1310 ;; This function is called by:
  1311 ;;		_main
  1312 ;; This function uses a non-reentrant model
  1313 ;;
  1314                           
  1315     05A6                     _UART_Init:	
  1316                           ;psect for function _UART_Init
  1317                           
  1318     05A6                     l626:	
  1319                           ;incstack = 0
  1320                           ; Regs used in _UART_Init: [status,2]
  1321                           
  1322                           
  1323                           ;prueba2.c: 21: 
  1324     05A6  1683               	bsf	3,5	;RP0=1, select bank1
  1325     05A7  1303               	bcf	3,6	;RP1=0, select bank1
  1326     05A8  1307               	bcf	7,6	;volatile
  1327                           
  1328                           ;prueba2.c: 22: 
  1329     05A9  1787               	bsf	7,7	;volatile
  1330                           
  1331                           ;prueba2.c: 25: 
  1332     05AA  3007               	movlw	7
  1333     05AB  009F               	movwf	31	;volatile
  1334                           
  1335                           ;prueba2.c: 28:     TXREG = data;
  1336     05AC  3019               	movlw	25
  1337     05AD  0099               	movwf	25	;volatile
  1338                           
  1339                           ;prueba2.c: 29: }
  1340     05AE  1518               	bsf	24,2	;volatile
  1341                           
  1342                           ;prueba2.c: 30: 
  1343     05AF  1218               	bcf	24,4	;volatile
  1344                           
  1345                           ;prueba2.c: 31: void UART_Write_String(const char *str) {
  1346     05B0  1698               	bsf	24,5	;volatile
  1347                           
  1348                           ;prueba2.c: 33:         UART_Write(*str++);
  1349     05B1  1283               	bcf	3,5	;RP0=0, select bank0
  1350     05B2  1303               	bcf	3,6	;RP1=0, select bank0
  1351     05B3  1798               	bsf	24,7	;volatile
  1352                           
  1353                           ;prueba2.c: 34:     }
  1354     05B4  1618               	bsf	24,4	;volatile
  1355     05B5                     l628:
  1356                           
  1357                           ;prueba2.c: 37: unsigned char UART_Read(void) {
  1358     05B5  01FB               	clrf	_bufferIndex
  1359     05B6                     l27:
  1360     05B6  0008               	return
  1361     05B7                     __end_of_UART_Init:
  1362     0002                     ___latbits      equ	2
  1363     007E                     btemp           set	126	;btemp
  1364     007E                     btemp0          set	126
  1365     007F                     btemp1          set	127
  1366     007E                     wtemp0          set	126
  1367     007F                     wtemp0a         set	127
  1368     007F                     ttemp0a         set	127
  1369     0080                     ltemp0a         set	128
  1370                           
  1371                           	psect	config
  1372                           
  1373                           ;Config register CONFIG @ 0x2007
  1374                           ;	Oscillator Selection bits
  1375                           ;	FOSC = XT, XT oscillator
  1376                           ;	Watchdog Timer Enable bit
  1377                           ;	WDTE = OFF, WDT disabled
  1378                           ;	Power-up Timer Enable bit
  1379                           ;	PWRTE = ON, PWRT enabled
  1380                           ;	Brown-out Reset Enable bit
  1381                           ;	BOREN = OFF, BOR disabled
  1382                           ;	Low-Voltage (Single-Supply) In-Circuit Serial Programming Enable bit
  1383                           ;	LVP = OFF, RB3 is digital I/O, HV on MCLR must be used for programming
  1384                           ;	Data EEPROM Memory Code Protection bit
  1385                           ;	CPD = OFF, Data EEPROM code protection off
  1386                           ;	Flash Program Memory Write Enable bits
  1387                           ;	WRT = OFF, Write protection off; all program memory may be written to by EECON control
  1388                           ;	In-Circuit Debugger Mode bit
  1389                           ;	DEBUG = 0x1, unprogrammed default
  1390                           ;	Flash Program Memory Code Protection bit
  1391                           ;	CP = OFF, Code protection off
  1392     2007                     	org	8199
  1393     2007  3F31               	dw	16177

Data Sizes:
    Strings     19
    Constant    0
    Data        0
    BSS         33
    Persistent  0
    Stack       0

Auto Spaces:
    Space          Size  Autos    Used
    COMMON           14     11      12
    BANK0            80      0      32
    BANK1            80      0       0
    BANK3            96      0       0
    BANK2            96      0       0

Pointer List with Targets:

    UART_Write_String@str	PTR const unsigned char  size(1) Largest target is 19
		 -> STR_1(CODE[19]), 


Critical Paths under _main in COMMON

    _main->_buscar_valor_json
    _enviar_respuesta_json->_UART_Write
    _UART_Write_String->_UART_Write

Critical Paths under _main in BANK0

    None.

Critical Paths under _main in BANK1

    None.

Critical Paths under _main in BANK3

    None.

Critical Paths under _main in BANK2

    None.

Call Graph Tables:

 ---------------------------------------------------------------------------------
 (Depth) Function   	        Calls       Base Space   Used Autos Params    Refs
 ---------------------------------------------------------------------------------
 (0) _main                                                 5     5      0     568
                                              6 COMMON     5     5      0
                          _UART_Init
                          _UART_Read
                  _UART_Write_String
                  _buscar_valor_json
              _enviar_respuesta_json
 ---------------------------------------------------------------------------------
 (1) _enviar_respuesta_json                                2     0      2      39
                                              1 COMMON     2     0      2
                         _UART_Write
 ---------------------------------------------------------------------------------
 (1) _buscar_valor_json                                    6     4      2     356
                                              0 COMMON     6     4      2
 ---------------------------------------------------------------------------------
 (1) _UART_Write_String                                    1     0      1      61
                                              1 COMMON     1     0      1
                         _UART_Write
 ---------------------------------------------------------------------------------
 (2) _UART_Write                                           1     1      0      15
                                              0 COMMON     1     1      0
 ---------------------------------------------------------------------------------
 (1) _UART_Read                                            0     0      0       0
 ---------------------------------------------------------------------------------
 (1) _UART_Init                                            0     0      0       0
 ---------------------------------------------------------------------------------
 Estimated maximum stack depth 2
 ---------------------------------------------------------------------------------

 Call Graph Graphs:

 _main (ROOT)
   _UART_Init
   _UART_Read
   _UART_Write_String
     _UART_Write
   _buscar_valor_json
   _enviar_respuesta_json
     _UART_Write

Address spaces:
Name               Size   Autos  Total    Usage
BITCOMMON           14      0       0      0.0%
BITBANK0            80      0       0      0.0%
BITBANK1            80      0       0      0.0%
BITBANK3            96      0       0      0.0%
BITBANK2            96      0       0      0.0%
COMMON              14     11      12     85.7%
BANK0               80      0      32     40.0%
BANK1               80      0       0      0.0%
BANK3               96      0       0      0.0%
BANK2               96      0       0      0.0%
STACK                0      0       0      0.0%
DATA                 0      0      44      0.0%


Microchip Technology PIC Macro Assembler V3.10 build 20250813170317 
Symbol Table                                                                                   Tue Nov 11 22:39:07 2025

   enviar_respuesta_json@valor 0071                              pc 0002                             l30 058C  
                           l33 0596                             l42 059E                             l27 05B6  
                           l43 0598                             l60 07F1                             l46 05A5  
                           l39 05D2                             l55 070B                             u10 0592  
                           u11 0591                             u30 059C                             u31 059B  
                           u40 05A4                             u41 05A3                             fsr 0004  
       ?_enviar_respuesta_json 0071             buscar_valor_json@i 0075             buscar_valor_json@j 0074  
                          l622 058C                            l640 059C                            l624 0592  
                          l800 05E4                            l626 05A6                            l642 05A4  
                          l810 0606                            l802 05ED                            l628 05B5  
                          l820 0622                            l812 060C                            l804 05F4  
                          l638 0597                            l742 05B7                            l750 066D  
                          l830 0641                            l822 0625                            l814 0611  
                          l806 05FA                            l744 05B8                            l760 0694  
                          l752 066F                            l840 065A                            l832 0647  
                          l824 062E                            l816 0616                            l808 0600  
                          l746 05C4                            l770 06C1                            l762 069D  
                          l754 0679                            l842 0660                            l834 064A  
                          l826 0634                            l818 0619                            l748 05C6  
                          l772 06CA                            l764 06A6                            l756 0682  
                          l836 0652                            l828 0637                            l844 0662  
                          l790 0707                            l782 06EB                            l774 06CE  
                          l766 06AF                            l758 068B                            l838 0654  
                          l776 06D7                            l784 06ED                            l768 06B8  
                          l778 06E0                            l786 06F3                            l794 070C  
                          l788 06F5                            l796 05D3                            l798 05DF  
                          u300 0694                            u301 0693                            u310 069D  
                          u311 069C                            u400 0707                            u320 06A6  
                          u401 0706                            u321 06A5                            u330 06AF  
                          u410 05FA                            u331 06AE                            u411 05F9  
                          u260 05D2                            u340 06B8                            u420 0606  
                          u261 05D1                            u405 0703                            u341 06B7  
                          u421 0605                            u350 06C1                            u270 0679  
                          u430 060C                            u351 06C0                            u271 0678  
                          u431 060B                            u360 06CA                            u280 0682  
                          u440 0611                            u361 06C9                            u281 0681  
                          u441 0610                            u370 06D7                            u290 068B  
                          u450 0634                            u371 06D6                            u291 068A  
                          u507 0664                            u451 0633                            u380 06E0  
                          u460 0647                            u381 06DF                            u461 0646  
                          u390 06F3                            u470 065A                            u391 06F2  
                          u471 0659                            u487 05E8                            u497 061D  
                          fsr0 0004                            indf 0000                    main@comando 0078  
                         STR_1 0009                           _main 05D3                           btemp 007E  
                         start 0000                          ?_main 0070                          _RCREG 001A  
                        _SPBRG 0099                          _TXREG 0019                    ?_UART_Write 0070  
                        btemp0 007E                          btemp1 007F                          pclath 000A  
                        status 0003                          wtemp0 007E                __initialization 07F2  
                 __end_of_main 066D                         ??_main 0076                         _ADCON1 009F  
            __end_of_UART_Init 05B7              __end_of_UART_Read 05A6                         ltemp0a 0080  
                       ttemp0a 007F                         wtemp0a 007F        __end_of__initialization 07FC  
               __pcstackCOMMON 0070        ??_enviar_respuesta_json 0073                     __pbssBANK0 0020  
                   __pmaintext 05D3                   ??_UART_Write 0070                     __stringtab 0003  
           __end_of_UART_Write 0597                        __ptext1 070C                        __ptext2 066D  
                      __ptext3 05B7                        __ptext4 058B                        __ptext5 0597  
                      __ptext6 05A6                     _jsonBuffer 0020                        clrloop0 0584  
         end_of_initialization 07FC                      _RCSTAbits 0018                      _UART_Init 05A6  
                    _UART_Read 0597                      _PORTCbits 0007                 UART_Write@data 0070  
                    _TRISCbits 0087                      _TXSTAbits 0098  __end_of_enviar_respuesta_json 07F2  
                   ?_UART_Init 0070                     ?_UART_Read 0070            start_initialization 07F2  
                  __pbssCOMMON 007B                      ___latbits 0002                    ??_UART_Init 0070  
                  ??_UART_Read 0070                      __pstrings 0003                      clear_ram0 0583  
                  _bufferIndex 007B                       _PIR1bits 000C                    __stringbase 0008  
         UART_Write_String@str 0071             __end_of__stringtab 0009              _UART_Write_String 05B7  
           ?_UART_Write_String 0071              _buscar_valor_json 066D            ??_UART_Write_String 0072  
           ?_buscar_valor_json 0070            ??_buscar_valor_json 0072                       main@dato 007A  
    __end_of_UART_Write_String 05D3          _enviar_respuesta_json 070C      __end_of_buscar_valor_json 070C  
                    stringcode 0003                       stringdir 0003                       stringtab 0003  
                   _UART_Write 058B  
